<?xml version="1.0" encoding="UTF-8"?>
<testng-results skipped="0" failed="0" ignored="0" total="1" passed="1">
  <reporter-output>
  </reporter-output>
  <suite name="Command line suite" duration-ms="117000" started-at="2021-03-26T13:11:26 BDT" finished-at="2021-03-26T13:13:23 BDT">
    <groups>
      <group name="cucumber">
        <method signature="AbstractTestNGCucumberTests.runScenario(io.cucumber.testng.PickleWrapper,io.cucumber.testng.FeatureWrapper)[pri:0, instance:Stepdefinations.TestRunner@3712b94]" name="runScenario" class="io.cucumber.testng.AbstractTestNGCucumberTests"/>
      </group> <!-- cucumber -->
    </groups>
    <test name="Command line test" duration-ms="117000" started-at="2021-03-26T13:11:26 BDT" finished-at="2021-03-26T13:13:23 BDT">
      <class name="Stepdefinations.TestRunner">
        <test-method status="PASS" signature="setUpClass()[pri:0, instance:Stepdefinations.TestRunner@3712b94]" name="setUpClass" is-config="true" duration-ms="1276" started-at="2021-03-26T13:11:26 BDT" finished-at="2021-03-26T13:11:27 BDT">
          <reporter-output>
          </reporter-output>
        </test-method> <!-- setUpClass -->
        <test-method status="PASS" signature="runScenario(io.cucumber.testng.PickleWrapper,io.cucumber.testng.FeatureWrapper)[pri:0, instance:Stepdefinations.TestRunner@3712b94]" name="runScenario" duration-ms="115566" started-at="2021-03-26T13:11:27 BDT" description="Runs Cucumber Scenarios" data-provider="scenarios" finished-at="2021-03-26T13:13:23 BDT">
          <params>
            <param index="0">
              <value>
                <![CDATA["User is logged in"]]>
              </value>
            </param>
            <param index="1">
              <value>
                <![CDATA["Optional[Check menugreat console functionality]"]]>
              </value>
            </param>
          </params>
          <reporter-output>
          </reporter-output>
        </test-method> <!-- runScenario -->
        <test-method status="PASS" signature="tearDownClass()[pri:0, instance:Stepdefinations.TestRunner@3712b94]" name="tearDownClass" is-config="true" duration-ms="44" started-at="2021-03-26T13:13:23 BDT" finished-at="2021-03-26T13:13:23 BDT">
          <reporter-output>
          </reporter-output>
        </test-method> <!-- tearDownClass -->
      </class> <!-- Stepdefinations.TestRunner -->
    </test> <!-- Command line test -->
  </suite> <!-- Command line suite -->
</testng-results>
